<?xml version="1.0" encoding="UTF-8"?>
<!-- Generated by org.testng.reporters.JUnitXMLReporter -->
<testsuite hostname="SENTHIL-PC" ignored="0" name="toFillBookingData" tests="2" failures="1" timestamp="2020-04-30T19:17:14 IST" time="12.642" errors="0">
  <testcase name="toFillBookingDetails" time="12.505" classname="testCases.To_Get_TripCode"/>
  <testcase name="togetTripCode" time="0.064" classname="testCases.To_Get_TripCode">
    <failure type="org.openqa.selenium.UnhandledAlertException" message="unexpected alert open: {Alert text : TNSTC has cancelled advance reservations and also stopped public transport services temporarily to control the spread of COVID-19}
  (Session info: chrome=81.0.4044.122): TNSTC has cancelled advance reservations and also stopped public transport services temporarily to control the spread of COVID-19
Build info: version: &amp;apos;3.141.59&amp;apos;, revision: &amp;apos;e82be7d358&amp;apos;, time: &amp;apos;2018-11-14T08:25:53&amp;apos;
System info: host: &amp;apos;SENTHIL-PC&amp;apos;, ip: &amp;apos;192.168.42.41&amp;apos;, os.name: &amp;apos;Windows 7&amp;apos;, os.arch: &amp;apos;x86&amp;apos;, os.version: &amp;apos;6.1&amp;apos;, java.version: &amp;apos;1.8.0_211&amp;apos;
Driver info: org.openqa.selenium.chrome.ChromeDriver
Capabilities {acceptInsecureCerts: false, browserName: chrome, browserVersion: 81.0.4044.122, chrome: {chromedriverVersion: 80.0.3987.106 (f68069574609..., userDataDir: C:\Users\SENTHIL\AppData\Lo...}, goog:chromeOptions: {debuggerAddress: localhost:49219}, javascriptEnabled: true, networkConnectionEnabled: false, pageLoadStrategy: normal, platform: WINDOWS, platformName: WINDOWS, proxy: Proxy(), setWindowRect: true, strictFileInteractability: false, timeouts: {implicit: 0, pageLoad: 300000, script: 30000}, unhandledPromptBehavior: dismiss and notify}
Session ID: ef60e58bbbd1f7678ff591eb94cec4d4
*** Element info: {Using=xpath, value=//*[@id=&amp;quot;table-1&amp;quot;]/tbody/tr[1]/td[2]/table/tbody/tr/td[1]}">
      <![CDATA[org.openqa.selenium.UnhandledAlertException: unexpected alert open: {Alert text : TNSTC has cancelled advance reservations and also stopped public transport services temporarily to control the spread of COVID-19}
  (Session info: chrome=81.0.4044.122): TNSTC has cancelled advance reservations and also stopped public transport services temporarily to control the spread of COVID-19
Build info: version: '3.141.59', revision: 'e82be7d358', time: '2018-11-14T08:25:53'
System info: host: 'SENTHIL-PC', ip: '192.168.42.41', os.name: 'Windows 7', os.arch: 'x86', os.version: '6.1', java.version: '1.8.0_211'
Driver info: org.openqa.selenium.chrome.ChromeDriver
Capabilities {acceptInsecureCerts: false, browserName: chrome, browserVersion: 81.0.4044.122, chrome: {chromedriverVersion: 80.0.3987.106 (f68069574609..., userDataDir: C:\Users\SENTHIL\AppData\Lo...}, goog:chromeOptions: {debuggerAddress: localhost:49219}, javascriptEnabled: true, networkConnectionEnabled: false, pageLoadStrategy: normal, platform: WINDOWS, platformName: WINDOWS, proxy: Proxy(), setWindowRect: true, strictFileInteractability: false, timeouts: {implicit: 0, pageLoad: 300000, script: 30000}, unhandledPromptBehavior: dismiss and notify}
Session ID: ef60e58bbbd1f7678ff591eb94cec4d4
*** Element info: {Using=xpath, value=//*[@id="table-1"]/tbody/tr[1]/td[2]/table/tbody/tr/td[1]}
at org.openqa.selenium.remote.http.W3CHttpResponseCodec.decode(W3CHttpResponseCodec.java:120)
at org.openqa.selenium.remote.http.W3CHttpResponseCodec.decode(W3CHttpResponseCodec.java:49)
at org.openqa.selenium.remote.HttpCommandExecutor.execute(HttpCommandExecutor.java:158)
at org.openqa.selenium.remote.service.DriverCommandExecutor.execute(DriverCommandExecutor.java:83)
at org.openqa.selenium.remote.RemoteWebDriver.execute(RemoteWebDriver.java:552)
at org.openqa.selenium.remote.RemoteWebDriver.findElements(RemoteWebDriver.java:353)
at org.openqa.selenium.remote.RemoteWebDriver.findElementsByXPath(RemoteWebDriver.java:432)
at org.openqa.selenium.By$ByXPath.findElements(By.java:348)
at org.openqa.selenium.remote.RemoteWebDriver.findElements(RemoteWebDriver.java:311)
at org.openqa.selenium.support.pagefactory.DefaultElementLocator.findElements(DefaultElementLocator.java:85)
at org.openqa.selenium.support.pagefactory.internal.LocatingElementListHandler.invoke(LocatingElementListHandler.java:36)
at com.sun.proxy.$Proxy12.iterator(Unknown Source)
at testCases.To_Get_TripCode.togetTripCode(To_Get_TripCode.java:64)
at java.util.ArrayList.forEach(ArrayList.java:1257)
... Removed 27 stack frames]]>
    </failure>
  </testcase> <!-- togetTripCode -->
</testsuite> <!-- toFillBookingData -->
